<?xml version="1.0" encoding="UTF-8"?>
<testsuite name="com.example.employee_management.EmployeeManagementApplicationTests" tests="1" skipped="0" failures="0" errors="0" timestamp="2024-11-28T09:32:37" hostname="NCSIN014WSRG3C0" time="1.178">
  <properties/>
  <testcase name="contextLoads()" classname="com.example.employee_management.EmployeeManagementApplicationTests" time="1.178"/>
  <system-out><![CDATA[15:02:25.903 [Test worker] INFO org.springframework.test.context.support.AnnotationConfigContextLoaderUtils -- Could not detect default configuration classes for test class [com.example.employee_management.EmployeeManagementApplicationTests]: EmployeeManagementApplicationTests does not declare any static, non-private, non-final, nested classes annotated with @Configuration.
15:02:26.382 [Test worker] INFO org.springframework.boot.test.context.SpringBootTestContextBootstrapper -- Found @SpringBootConfiguration com.example.employee_management.EmployeeManagementApplication for test class com.example.employee_management.EmployeeManagementApplicationTests
15:02:25,557 |-INFO in ch.qos.logback.classic.LoggerContext[default] - This is logback-classic version 1.4.11
15:02:25,565 |-INFO in ch.qos.logback.classic.util.ContextInitializer@5896cb9c - Here is a list of configurators discovered as a service, by rank: 
15:02:25,565 |-INFO in ch.qos.logback.classic.util.ContextInitializer@5896cb9c -   org.springframework.boot.logging.logback.RootLogLevelConfigurator
15:02:25,565 |-INFO in ch.qos.logback.classic.util.ContextInitializer@5896cb9c - They will be invoked in order until ExecutionStatus.DO_NOT_INVOKE_NEXT_IF_ANY is returned.
15:02:25,565 |-INFO in ch.qos.logback.classic.util.ContextInitializer@5896cb9c - Constructed configurator of type class org.springframework.boot.logging.logback.RootLogLevelConfigurator
15:02:25,576 |-INFO in ch.qos.logback.classic.util.ContextInitializer@5896cb9c - org.springframework.boot.logging.logback.RootLogLevelConfigurator.configure() call lasted 1 milliseconds. ExecutionStatus=INVOKE_NEXT_IF_ANY
15:02:25,576 |-INFO in ch.qos.logback.classic.util.ContextInitializer@5896cb9c - Trying to configure with ch.qos.logback.classic.joran.SerializedModelConfigurator
15:02:25,579 |-INFO in ch.qos.logback.classic.util.ContextInitializer@5896cb9c - Constructed configurator of type class ch.qos.logback.classic.joran.SerializedModelConfigurator
15:02:25,625 |-INFO in ch.qos.logback.classic.LoggerContext[default] - Could NOT find resource [logback-test.scmo]
15:02:25,625 |-INFO in ch.qos.logback.classic.LoggerContext[default] - Could NOT find resource [logback.scmo]
15:02:25,625 |-INFO in ch.qos.logback.classic.util.ContextInitializer@5896cb9c - ch.qos.logback.classic.joran.SerializedModelConfigurator.configure() call lasted 46 milliseconds. ExecutionStatus=INVOKE_NEXT_IF_ANY
15:02:25,625 |-INFO in ch.qos.logback.classic.util.ContextInitializer@5896cb9c - Trying to configure with ch.qos.logback.classic.util.DefaultJoranConfigurator
15:02:25,627 |-INFO in ch.qos.logback.classic.util.ContextInitializer@5896cb9c - Constructed configurator of type class ch.qos.logback.classic.util.DefaultJoranConfigurator
15:02:25,628 |-INFO in ch.qos.logback.classic.LoggerContext[default] - Could NOT find resource [logback-test.xml]
15:02:25,628 |-INFO in ch.qos.logback.classic.LoggerContext[default] - Could NOT find resource [logback.xml]
15:02:25,628 |-INFO in ch.qos.logback.classic.util.ContextInitializer@5896cb9c - ch.qos.logback.classic.util.DefaultJoranConfigurator.configure() call lasted 1 milliseconds. ExecutionStatus=INVOKE_NEXT_IF_ANY
15:02:25,628 |-INFO in ch.qos.logback.classic.util.ContextInitializer@5896cb9c - Trying to configure with ch.qos.logback.classic.BasicConfigurator
15:02:25,632 |-INFO in ch.qos.logback.classic.util.ContextInitializer@5896cb9c - Constructed configurator of type class ch.qos.logback.classic.BasicConfigurator
15:02:25,632 |-INFO in ch.qos.logback.classic.BasicConfigurator@44b9c7c4 - Setting up default configuration.
15:02:25,663 |-INFO in ch.qos.logback.classic.util.ContextInitializer@5896cb9c - ch.qos.logback.classic.BasicConfigurator.configure() call lasted 31 milliseconds. ExecutionStatus=NEUTRAL
15:02:27,634 |-INFO in ch.qos.logback.core.model.processor.AppenderModelHandler - Processing appender named [Console]
15:02:27,634 |-INFO in ch.qos.logback.core.model.processor.AppenderModelHandler - About to instantiate appender of type [ch.qos.logback.core.ConsoleAppender]
15:02:27,647 |-INFO in ch.qos.logback.core.model.processor.ImplicitModelHandler - Assuming default type [ch.qos.logback.classic.encoder.PatternLayoutEncoder] for [encoder] property
15:02:27,666 |-INFO in ch.qos.logback.core.model.processor.AppenderModelHandler - Processing appender named [RollingFile]
15:02:27,666 |-INFO in ch.qos.logback.core.model.processor.AppenderModelHandler - About to instantiate appender of type [ch.qos.logback.core.rolling.RollingFileAppender]
15:02:27,683 |-INFO in ch.qos.logback.core.model.processor.ImplicitModelHandler - Assuming default type [ch.qos.logback.classic.encoder.PatternLayoutEncoder] for [encoder] property
15:02:27,701 |-INFO in c.q.l.core.rolling.TimeBasedRollingPolicy@108271693 - No compression will be used
15:02:27,703 |-INFO in c.q.l.core.rolling.TimeBasedRollingPolicy@108271693 - Will use the pattern ./logs/archived/employee-management-%d{yyyy-MM-dd}.%i.log for the active file
15:02:27,705 |-INFO in ch.qos.logback.core.rolling.SizeAndTimeBasedFNATP@3611153f - The date pattern is 'yyyy-MM-dd' from file name pattern './logs/archived/employee-management-%d{yyyy-MM-dd}.%i.log'.
15:02:27,705 |-INFO in ch.qos.logback.core.rolling.SizeAndTimeBasedFNATP@3611153f - Roll-over at midnight.
15:02:27,707 |-INFO in ch.qos.logback.core.rolling.SizeAndTimeBasedFNATP@3611153f - Setting initial period to 2024-11-28T08:47:38.974Z
15:02:27,708 |-WARN in ch.qos.logback.core.rolling.SizeAndTimeBasedFNATP@3611153f - SizeAndTimeBasedFNATP is deprecated. Use SizeAndTimeBasedRollingPolicy instead
15:02:27,708 |-WARN in ch.qos.logback.core.rolling.SizeAndTimeBasedFNATP@3611153f - For more information see http://logback.qos.ch/manual/appenders.html#SizeAndTimeBasedRollingPolicy
15:02:27,718 |-INFO in ch.qos.logback.core.rolling.RollingFileAppender[RollingFile] - Active log file name: ./logs/employee-management.log
15:02:27,718 |-INFO in ch.qos.logback.core.rolling.RollingFileAppender[RollingFile] - File property is set to [./logs/employee-management.log]
15:02:27,722 |-INFO in ch.qos.logback.classic.model.processor.RootLoggerModelHandler - Setting level of ROOT logger to INFO
15:02:27,723 |-INFO in ch.qos.logback.classic.jul.LevelChangePropagator@5835e24a - Propagating INFO level on Logger[ROOT] onto the JUL framework
15:02:27,724 |-INFO in ch.qos.logback.core.model.processor.AppenderRefModelHandler - Attaching appender named [RollingFile] to Logger[ROOT]
15:02:27,724 |-INFO in ch.qos.logback.core.model.processor.AppenderRefModelHandler - Attaching appender named [Console] to Logger[ROOT]
15:02:27,724 |-INFO in ch.qos.logback.classic.model.processor.LoggerModelHandler - Setting level of logger [com.example.employee_management] to DEBUG
15:02:27,724 |-INFO in ch.qos.logback.classic.jul.LevelChangePropagator@5835e24a - Propagating DEBUG level on Logger[com.example.employee_management] onto the JUL framework
15:02:27,726 |-INFO in ch.qos.logback.classic.model.processor.LoggerModelHandler - Setting additivity of logger [com.example.employee_management] to false
15:02:27,726 |-INFO in ch.qos.logback.core.model.processor.AppenderRefModelHandler - Attaching appender named [RollingFile] to Logger[com.example.employee_management]
15:02:27,726 |-INFO in ch.qos.logback.core.model.processor.AppenderRefModelHandler - Attaching appender named [Console] to Logger[com.example.employee_management]
15:02:27,726 |-INFO in ch.qos.logback.core.model.processor.DefaultProcessor@5238896f - End of configuration.
15:02:27,727 |-INFO in org.springframework.boot.logging.logback.SpringBootJoranConfigurator@74a85515 - Registering current configuration as safe fallback point


  .   ____          _            __ _ _
 /\\ / ___'_ __ _ _(_)_ __  __ _ \ \ \ \
( ( )\___ | '_ | '_| | '_ \/ _` | \ \ \ \
 \\/  ___)| |_)| | | | | || (_| |  ) ) ) )
  '  |____| .__|_| |_|_| |_\__, | / / / /
 =========|_|==============|___/=/_/_/_/
 :: Spring Boot ::                (v3.1.5)

2024-11-28 15:02:27.840 [background-preinit] INFO  o.h.validator.internal.util.Version - HV000001: Hibernate Validator 8.0.1.Final
2024-11-28 15:02:27.910 [Test worker] INFO  c.e.e.EmployeeManagementApplicationTests - Starting EmployeeManagementApplicationTests using Java 17.0.13 with PID 24764 (started by P1357905 in D:\java-spingboot-projects\employee-management\employee-management)
2024-11-28 15:02:27.911 [Test worker] DEBUG c.e.e.EmployeeManagementApplicationTests - Running with Spring Boot v3.1.5, Spring v6.0.13
2024-11-28 15:02:27.913 [Test worker] INFO  c.e.e.EmployeeManagementApplicationTests - No active profile set, falling back to 1 default profile: "default"
2024-11-28 15:02:29.671 [Test worker] INFO  o.s.d.r.c.RepositoryConfigurationDelegate - Bootstrapping Spring Data JPA repositories in DEFAULT mode.
2024-11-28 15:02:29.795 [Test worker] INFO  o.s.d.r.c.RepositoryConfigurationDelegate - Finished Spring Data repository scanning in 108 ms. Found 1 JPA repository interfaces.
2024-11-28 15:02:30.543 [Test worker] INFO  o.h.jpa.internal.util.LogHelper - HHH000204: Processing PersistenceUnitInfo [name: default]
2024-11-28 15:02:30.664 [Test worker] INFO  org.hibernate.Version - HHH000412: Hibernate ORM core version 6.2.13.Final
2024-11-28 15:02:30.669 [Test worker] INFO  org.hibernate.cfg.Environment - HHH000406: Using bytecode reflection optimizer
2024-11-28 15:02:31.202 [Test worker] INFO  o.s.o.j.p.SpringPersistenceUnitInfo - No LoadTimeWeaver setup: ignoring JPA class transformer
2024-11-28 15:02:31.300 [Test worker] INFO  com.zaxxer.hikari.HikariDataSource - HikariPool-1 - Starting...
2024-11-28 15:02:32.027 [Test worker] INFO  com.zaxxer.hikari.pool.HikariPool - HikariPool-1 - Added connection conn0: url=jdbc:h2:mem:testdb user=SA
2024-11-28 15:02:32.032 [Test worker] INFO  com.zaxxer.hikari.HikariDataSource - HikariPool-1 - Start completed.
2024-11-28 15:02:32.124 [Test worker] WARN  org.hibernate.orm.deprecation - HHH90000025: H2Dialect does not need to be specified explicitly using 'hibernate.dialect' (remove the property setting and it will be selected by default)
2024-11-28 15:02:34.694 [Test worker] INFO  o.h.e.t.j.p.i.JtaPlatformInitiator - HHH000489: No JTA platform available (set 'hibernate.transaction.jta.platform' to enable JTA platform integration)
Hibernate: drop table if exists employees cascade 
Hibernate: create table employees (salary float(53) not null, id bigint generated by default as identity, department varchar(255) not null, email varchar(255) not null unique, first_name varchar(255) not null, last_name varchar(255) not null, password varchar(255) not null, position varchar(255), primary key (id))
2024-11-28 15:02:34.849 [Test worker] INFO  o.s.o.j.LocalContainerEntityManagerFactoryBean - Initialized JPA EntityManagerFactory for persistence unit 'default'
2024-11-28 15:02:36.150 [Test worker] WARN  o.s.b.a.o.j.JpaBaseConfiguration$JpaWebConfiguration - spring.jpa.open-in-view is enabled by default. Therefore, database queries may be performed during view rendering. Explicitly configure spring.jpa.open-in-view to disable this warning
2024-11-28 15:02:36.569 [Test worker] INFO  o.s.s.web.DefaultSecurityFilterChain - Will secure any request with [org.springframework.security.web.session.DisableEncodeUrlFilter@25ff482a, org.springframework.security.web.context.request.async.WebAsyncManagerIntegrationFilter@4d742035, org.springframework.security.web.context.SecurityContextHolderFilter@678f7a91, org.springframework.security.web.header.HeaderWriterFilter@60febb62, org.springframework.security.web.authentication.logout.LogoutFilter@287d872b, com.example.employee_management.security.JwtAuthFilter@15ddb82a, org.springframework.security.web.savedrequest.RequestCacheAwareFilter@74ec23fc, org.springframework.security.web.servletapi.SecurityContextHolderAwareRequestFilter@1832db43, org.springframework.security.web.authentication.AnonymousAuthenticationFilter@13d2a198, org.springframework.security.web.session.SessionManagementFilter@1e1dbfe, org.springframework.security.web.access.ExceptionTranslationFilter@abebd2, org.springframework.security.web.access.intercept.AuthorizationFilter@3f5af72f]
2024-11-28 15:02:37.827 [Test worker] INFO  c.e.e.EmployeeManagementApplicationTests - Started EmployeeManagementApplicationTests in 10.659 seconds (process running for 14.417)
]]></system-out>
  <system-err><![CDATA[]]></system-err>
</testsuite>
