<?xml version="1.0" encoding="UTF-8"?>
<testsuite name="com.example.employee_management.repository.EmployeeRepoTest" tests="4" skipped="0" failures="0" errors="0" timestamp="2024-11-28T09:32:40" hostname="NCSIN014WSRG3C0" time="0.774">
  <properties/>
  <testcase name="findByEmail_NotFound()" classname="com.example.employee_management.repository.EmployeeRepoTest" time="0.592"/>
  <testcase name="existsByEmail_NotFound()" classname="com.example.employee_management.repository.EmployeeRepoTest" time="0.021"/>
  <testcase name="existsByEmail_Success()" classname="com.example.employee_management.repository.EmployeeRepoTest" time="0.139"/>
  <testcase name="findByEmail_Success()" classname="com.example.employee_management.repository.EmployeeRepoTest" time="0.016"/>
  <system-out><![CDATA[2024-11-28 15:02:39.644 [Test worker] INFO  o.s.t.c.s.AnnotationConfigContextLoaderUtils - Could not detect default configuration classes for test class [com.example.employee_management.repository.EmployeeRepoTest]: EmployeeRepoTest does not declare any static, non-private, non-final, nested classes annotated with @Configuration.
2024-11-28 15:02:39.714 [Test worker] INFO  o.s.b.t.c.SpringBootTestContextBootstrapper - Found @SpringBootConfiguration com.example.employee_management.EmployeeManagementApplication for test class com.example.employee_management.repository.EmployeeRepoTest

  .   ____          _            __ _ _
 /\\ / ___'_ __ _ _(_)_ __  __ _ \ \ \ \
( ( )\___ | '_ | '_| | '_ \/ _` | \ \ \ \
 \\/  ___)| |_)| | | | | || (_| |  ) ) ) )
  '  |____| .__|_| |_|_| |_\__, | / / / /
 =========|_|==============|___/=/_/_/_/
 :: Spring Boot ::                (v3.1.5)

2024-11-28 15:02:39.824 [Test worker] INFO  c.e.e.repository.EmployeeRepoTest - Starting EmployeeRepoTest using Java 17.0.13 with PID 24764 (started by P1357905 in D:\java-spingboot-projects\employee-management\employee-management)
2024-11-28 15:02:39.825 [Test worker] DEBUG c.e.e.repository.EmployeeRepoTest - Running with Spring Boot v3.1.5, Spring v6.0.13
2024-11-28 15:02:39.825 [Test worker] INFO  c.e.e.repository.EmployeeRepoTest - The following 1 profile is active: "test"
2024-11-28 15:02:40.034 [Test worker] INFO  o.s.d.r.c.RepositoryConfigurationDelegate - Bootstrapping Spring Data JPA repositories in DEFAULT mode.
2024-11-28 15:02:40.074 [Test worker] INFO  o.s.d.r.c.RepositoryConfigurationDelegate - Finished Spring Data repository scanning in 34 ms. Found 1 JPA repository interfaces.
2024-11-28 15:02:40.116 [Test worker] INFO  o.s.b.t.a.j.TestDatabaseAutoConfiguration$EmbeddedDataSourceBeanFactoryPostProcessor - Replacing 'dataSource' DataSource bean with embedded version
2024-11-28 15:02:40.169 [Test worker] INFO  o.s.j.d.e.EmbeddedDatabaseFactory - Starting embedded database: url='jdbc:h2:mem:0e62af74-6895-4a15-9843-99dc191a8110;DB_CLOSE_DELAY=-1;DB_CLOSE_ON_EXIT=false', username='sa'
2024-11-28 15:02:40.258 [Test worker] INFO  o.h.jpa.internal.util.LogHelper - HHH000204: Processing PersistenceUnitInfo [name: default]
2024-11-28 15:02:40.284 [Test worker] INFO  o.s.o.j.p.SpringPersistenceUnitInfo - No LoadTimeWeaver setup: ignoring JPA class transformer
2024-11-28 15:02:40.288 [Test worker] WARN  org.hibernate.orm.deprecation - HHH90000025: H2Dialect does not need to be specified explicitly using 'hibernate.dialect' (remove the property setting and it will be selected by default)
2024-11-28 15:02:40.393 [Test worker] INFO  o.h.e.t.j.p.i.JtaPlatformInitiator - HHH000489: No JTA platform available (set 'hibernate.transaction.jta.platform' to enable JTA platform integration)
Hibernate: drop table if exists employees cascade 
Hibernate: create table employees (salary float(53) not null, id bigint generated by default as identity, department varchar(255) not null, email varchar(255) not null unique, first_name varchar(255) not null, last_name varchar(255) not null, password varchar(255) not null, position varchar(255), primary key (id))
2024-11-28 15:02:40.400 [Test worker] INFO  o.s.o.j.LocalContainerEntityManagerFactoryBean - Initialized JPA EntityManagerFactory for persistence unit 'default'
2024-11-28 15:02:40.559 [Test worker] INFO  c.e.e.repository.EmployeeRepoTest - Started EmployeeRepoTest in 0.835 seconds (process running for 17.149)
Hibernate: select e1_0.id,e1_0.department,e1_0.email,e1_0.first_name,e1_0.last_name,e1_0.password,e1_0.position,e1_0.salary from employees e1_0 where e1_0.email=?
Hibernate: select e1_0.id from employees e1_0 where e1_0.email=? fetch first ? rows only
Hibernate: insert into employees (department,email,first_name,last_name,password,position,salary,id) values (?,?,?,?,?,?,?,default)
Hibernate: select e1_0.id from employees e1_0 where e1_0.email=? fetch first ? rows only
Hibernate: insert into employees (department,email,first_name,last_name,password,position,salary,id) values (?,?,?,?,?,?,?,default)
Hibernate: select e1_0.id,e1_0.department,e1_0.email,e1_0.first_name,e1_0.last_name,e1_0.password,e1_0.position,e1_0.salary from employees e1_0 where e1_0.email=?
]]></system-out>
  <system-err><![CDATA[]]></system-err>
</testsuite>
